<?xml version="1.0" encoding="UTF-8"?>
<robot generator="Robot 5.0.1 (Python 3.9.13 on win32)" generated="20220726 16:25:02.085" rpa="false" schemaversion="3">
<suite id="s1" name="TestesRobotSelenium" source="C:\Users\Willi\OneDrive\Documentos\Projeto_Teste\TestesRobotSelenium">
<suite id="s1-s1" name="TestCase" source="C:\Users\Willi\OneDrive\Documentos\Projeto_Teste\TestesRobotSelenium\TestCase">
<suite id="s1-s1-s1" name="PrimeiroScritpSeleniumItau" source="C:\Users\Willi\OneDrive\Documentos\Projeto_Teste\TestesRobotSelenium\TestCase\PrimeiroScritpSeleniumItau.robot">
<test id="s1-s1-s1-t1" name="Abrir Navegador da pagina do itau" line="7">
<kw name="Open Browser" library="SeleniumLibrary">
<arg>https://www.itau.com.br</arg>
<arg>chrome</arg>
<doc>Opens a new browser instance to the optional ``url``.</doc>
<msg timestamp="20220726 16:25:02.319" level="INFO">Opening browser 'chrome' to base url 'https://www.itau.com.br'.</msg>
<status status="PASS" starttime="20220726 16:25:02.319" endtime="20220726 16:25:05.846"/>
</kw>
<kw name="Maximize Browser Window" library="SeleniumLibrary">
<doc>Maximizes current browser window.</doc>
<status status="PASS" starttime="20220726 16:25:05.847" endtime="20220726 16:25:05.984"/>
</kw>
<kw name="Title Should Be" library="SeleniumLibrary">
<arg>Banco Itaú | Feito com você</arg>
<doc>Verifies that the current page title equals ``title``.</doc>
<msg timestamp="20220726 16:25:06.016" level="INFO">Page title is 'Banco Itaú | Feito com você'.</msg>
<status status="PASS" starttime="20220726 16:25:05.984" endtime="20220726 16:25:06.017"/>
</kw>
<kw name="Input Text" library="SeleniumLibrary">
<arg>id=agencia</arg>
<arg>0996</arg>
<doc>Types the given ``text`` into the text field identified by ``locator``.</doc>
<msg timestamp="20220726 16:25:06.018" level="INFO">Typing text '0996' into text field 'id=agencia'.</msg>
<status status="PASS" starttime="20220726 16:25:06.017" endtime="20220726 16:25:06.194"/>
</kw>
<kw name="Input Text" library="SeleniumLibrary">
<arg>id=conta</arg>
<arg>14850-0</arg>
<doc>Types the given ``text`` into the text field identified by ``locator``.</doc>
<msg timestamp="20220726 16:25:06.195" level="INFO">Typing text '14850-0' into text field 'id=conta'.</msg>
<status status="PASS" starttime="20220726 16:25:06.194" endtime="20220726 16:25:06.313"/>
</kw>
<kw name="Click Button" library="SeleniumLibrary">
<arg>id=loginButton</arg>
<doc>Clicks the button identified by ``locator``.</doc>
<msg timestamp="20220726 16:25:06.314" level="INFO">Clicking button 'id=loginButton'.</msg>
<status status="PASS" starttime="20220726 16:25:06.313" endtime="20220726 16:25:08.472"/>
</kw>
<status status="PASS" starttime="20220726 16:25:02.318" endtime="20220726 16:25:08.472"/>
</test>
<status status="PASS" starttime="20220726 16:25:02.112" endtime="20220726 16:25:08.473"/>
</suite>
<suite id="s1-s1-s2" name="PrimeiroTesteCaseSelenium" source="C:\Users\Willi\OneDrive\Documentos\Projeto_Teste\TestesRobotSelenium\TestCase\PrimeiroTesteCaseSelenium.robot">
<test id="s1-s1-s2-t1" name="Abrir navegador da pagina do Google" line="5">
<kw name="Abrir a pagina &quot;https://www.google.com.br&quot; com o navegador &quot;chrome&quot;" sourcename="Abrir a pagina &quot;${URL}&quot; com o navegador &quot;${navegador}&quot;">
<kw name="Open Browser" library="SeleniumLibrary">
<arg>${URL}</arg>
<arg>${navegador}</arg>
<doc>Opens a new browser instance to the optional ``url``.</doc>
<msg timestamp="20220726 16:25:08.480" level="INFO">Opening browser 'chrome' to base url 'https://www.google.com.br'.</msg>
<status status="PASS" starttime="20220726 16:25:08.480" endtime="20220726 16:25:11.323"/>
</kw>
<status status="PASS" starttime="20220726 16:25:08.479" endtime="20220726 16:25:11.323"/>
</kw>
<kw name="Maximize Browser Window" library="SeleniumLibrary">
<doc>Maximizes current browser window.</doc>
<status status="PASS" starttime="20220726 16:25:11.324" endtime="20220726 16:25:11.443"/>
</kw>
<kw name="Title Should Be" library="SeleniumLibrary">
<arg>Google</arg>
<doc>Verifies that the current page title equals ``title``.</doc>
<msg timestamp="20220726 16:25:11.447" level="INFO">Page title is 'Google'.</msg>
<status status="PASS" starttime="20220726 16:25:11.443" endtime="20220726 16:25:11.447"/>
</kw>
<kw name="Input Text" library="SeleniumLibrary">
<arg>name=q</arg>
<arg>will4gaming</arg>
<doc>Types the given ``text`` into the text field identified by ``locator``.</doc>
<msg timestamp="20220726 16:25:11.447" level="INFO">Typing text 'will4gaming' into text field 'name=q'.</msg>
<status status="PASS" starttime="20220726 16:25:11.447" endtime="20220726 16:25:11.548"/>
</kw>
<kw name="Press Keys" library="SeleniumLibrary">
<arg>name=q</arg>
<arg>ENTER</arg>
<doc>Simulates the user pressing key(s) to an element or on the active browser.</doc>
<msg timestamp="20220726 16:25:11.549" level="INFO">Sending key(s) ('ENTER',) to name=q element.</msg>
<msg timestamp="20220726 16:25:11.823" level="INFO">Pressing special key ENTER to element.</msg>
<msg timestamp="20220726 16:25:11.823" level="INFO">Releasing special key ENTER.</msg>
<status status="PASS" starttime="20220726 16:25:11.548" endtime="20220726 16:25:13.924"/>
</kw>
<status status="PASS" starttime="20220726 16:25:08.478" endtime="20220726 16:25:13.924"/>
</test>
<status status="PASS" starttime="20220726 16:25:08.475" endtime="20220726 16:25:13.926"/>
</suite>
<status status="PASS" starttime="20220726 16:25:02.110" endtime="20220726 16:25:13.927"/>
</suite>
<suite id="s1-s2" name="Testeyoutube" source="C:\Users\Willi\OneDrive\Documentos\Projeto_Teste\TestesRobotSelenium\testeyoutube.robot">
<test id="s1-s2-t1" name="Abrir navegador da pagina do Youtube" line="5">
<kw name="Abrir a pagina &quot;https://www.youtube.com/watch?v=G4skutiuqgM&quot; com o navegador &quot;headlesschrome&quot;" sourcename="Abrir a pagina &quot;${URL}&quot; com o navegador &quot;${navegador}&quot;">
<kw name="Open Browser" library="SeleniumLibrary">
<arg>${URL}</arg>
<arg>${navegador}</arg>
<doc>Opens a new browser instance to the optional ``url``.</doc>
<msg timestamp="20220726 16:25:13.934" level="INFO">Opening browser 'headlesschrome' to base url 'https://www.youtube.com/watch?v=G4skutiuqgM'.</msg>
<status status="PASS" starttime="20220726 16:25:13.934" endtime="20220726 16:25:20.333"/>
</kw>
<status status="PASS" starttime="20220726 16:25:13.934" endtime="20220726 16:25:20.333"/>
</kw>
<kw name="Maximize Browser Window" library="SeleniumLibrary">
<doc>Maximizes current browser window.</doc>
<status status="PASS" starttime="20220726 16:25:20.333" endtime="20220726 16:25:20.703"/>
</kw>
<kw name="add_argument">
<arg>--start-maximized</arg>
<msg timestamp="20220726 16:25:20.708" level="FAIL">No keyword with name 'add_argument' found.</msg>
<status status="FAIL" starttime="20220726 16:25:20.708" endtime="20220726 16:25:20.708"/>
</kw>
<kw name="Title Should Be" library="SeleniumLibrary">
<arg>JOGOS PS1 - Winning Eleven 3 - YouTube</arg>
<doc>Verifies that the current page title equals ``title``.</doc>
<status status="NOT RUN" starttime="20220726 16:25:20.709" endtime="20220726 16:25:20.709"/>
</kw>
<kw name="Click Element" library="SeleniumLibrary">
<arg>id=text</arg>
<arg>Pular teste</arg>
<doc>Click the element identified by ``locator``.</doc>
<status status="NOT RUN" starttime="20220726 16:25:20.709" endtime="20220726 16:25:20.709"/>
</kw>
<kw name="Sleep" library="BuiltIn">
<arg>451s</arg>
<doc>Pauses the test executed for the given time.</doc>
<status status="NOT RUN" starttime="20220726 16:25:20.709" endtime="20220726 16:25:20.709"/>
</kw>
<kw name="Close Browser" library="SeleniumLibrary">
<doc>Closes the current browser.</doc>
<status status="NOT RUN" starttime="20220726 16:25:20.710" endtime="20220726 16:25:20.710"/>
</kw>
<status status="FAIL" starttime="20220726 16:25:13.933" endtime="20220726 16:25:20.710">No keyword with name 'add_argument' found.</status>
</test>
<status status="FAIL" starttime="20220726 16:25:13.929" endtime="20220726 16:25:20.712"/>
</suite>
<status status="FAIL" starttime="20220726 16:25:02.087" endtime="20220726 16:25:20.714"/>
</suite>
<statistics>
<total>
<stat pass="2" fail="1" skip="0">All Tests</stat>
</total>
<tag>
</tag>
<suite>
<stat pass="2" fail="1" skip="0" id="s1" name="TestesRobotSelenium">TestesRobotSelenium</stat>
<stat pass="2" fail="0" skip="0" id="s1-s1" name="TestCase">TestesRobotSelenium.TestCase</stat>
<stat pass="1" fail="0" skip="0" id="s1-s1-s1" name="PrimeiroScritpSeleniumItau">TestesRobotSelenium.TestCase.PrimeiroScritpSeleniumItau</stat>
<stat pass="1" fail="0" skip="0" id="s1-s1-s2" name="PrimeiroTesteCaseSelenium">TestesRobotSelenium.TestCase.PrimeiroTesteCaseSelenium</stat>
<stat pass="0" fail="1" skip="0" id="s1-s2" name="Testeyoutube">TestesRobotSelenium.Testeyoutube</stat>
</suite>
</statistics>
<errors>
</errors>
</robot>
